<?xml version="1.0" encoding="UTF-8"?>
<!-- Generated by org.testng.reporters.JUnitReportReporter -->
<testsuite skipped="0" hostname="DESKTOP-44SHP5A" name="Testng.ClassC" tests="3" failures="0" timestamp="01 Jun 2023 04:39:40 GMT" time="0.027" errors="0">
  <testcase name="Tc22" time="0.002" classname="Testng.ClassC"/>
  <testcase name="Tc11" time="0.020" classname="Testng.ClassC"/>
  <testcase name="Tc33" time="0.005" classname="Testng.ClassC"/>
</testsuite> <!-- Testng.ClassC -->
