<?xml version="1.0" encoding="UTF-8"?>
<!-- Generated by org.testng.reporters.JUnitReportReporter -->
<testsuite skipped="0" hostname="DESKTOP-44SHP5A" name="Testng.ClassB" tests="3" failures="0" timestamp="01 Jun 2023 04:39:40 GMT" time="0.032" errors="0">
  <testcase name="Tc2" time="0.003" classname="Testng.ClassB"/>
  <testcase name="Tc1" time="0.020" classname="Testng.ClassB"/>
  <testcase name="Tc3" time="0.009" classname="Testng.ClassB"/>
</testsuite> <!-- Testng.ClassB -->
